-------------------------------------------------------------------------------
Test set: runner.TestRunner
-------------------------------------------------------------------------------
Tests run: 4, Failures: 0, Errors: 3, Skipped: 0, Time elapsed: 11.84 s <<< FAILURE! -- in runner.TestRunner
Register functionality.Successful user registration with personal details -- Time elapsed: 3.421 s <<< ERROR!
java.lang.IndexOutOfBoundsException: column: 2, Width: 2
	at io.cucumber.datatable.DataTable.rangeCheckColumn(DataTable.java:411)
	at io.cucumber.datatable.DataTable.cell(DataTable.java:395)
	at stepDefinations.RegisterSteps.user_fills_section_with_valid_details(RegisterSteps.java:44)
	at ✽.the user fills out the "Informasi Pribadi" section with valid details, including:(classpath:features/Register.feature:10)

Register functionality.Successful user registration with education details -- Time elapsed: 0.392 s <<< ERROR!
java.lang.IndexOutOfBoundsException: column: 2, Width: 2
	at io.cucumber.datatable.DataTable.rangeCheckColumn(DataTable.java:411)
	at io.cucumber.datatable.DataTable.cell(DataTable.java:395)
	at stepDefinations.RegisterSteps.user_fills_section_with_valid_details(RegisterSteps.java:58)
	at ✽.the user fills out the "Pendidikan" section with valid details, including:(classpath:features/Register.feature:26)

Register functionality.Successful user registration with work experience details -- Time elapsed: 0.319 s <<< ERROR!
io.cucumber.junit.platform.engine.UndefinedStepException: 
The step 'the user is on the candidate registration page' and 4 other step(s) are undefined.
You can implement these steps using the snippet(s) below:

@Given("the user is on the candidate registration page")
public void the_user_is_on_the_candidate_registration_page() {
    // Write code here that turns the phrase above into concrete actions
    throw new io.cucumber.java.PendingException();
}
@When("the user does not check {string}")
public void the_user_does_not_check(String string) {
    // Write code here that turns the phrase above into concrete actions
    throw new io.cucumber.java.PendingException();
}
@When("the user fills out {string} with {string}")
public void the_user_fills_out_with(String string, String string2) {
    // Write code here that turns the phrase above into concrete actions
    throw new io.cucumber.java.PendingException();
}
@When("the user agrees to the {string}")
public void the_user_agrees_to_the(String string) {
    // Write code here that turns the phrase above into concrete actions
    throw new io.cucumber.java.PendingException();
}
@When("the user submits the registration form")
public void the_user_submits_the_registration_form() {
    // Write code here that turns the phrase above into concrete actions
    throw new io.cucumber.java.PendingException();
}

	at io.cucumber.core.runtime.TestCaseResultObserver.assertTestCasePassed(TestCaseResultObserver.java:69)
	at io.cucumber.junit.platform.engine.TestCaseResultObserver.assertTestCasePassed(TestCaseResultObserver.java:22)
	at io.cucumber.junit.platform.engine.CucumberEngineExecutionContext.lambda$runTestCase$4(CucumberEngineExecutionContext.java:116)
	at io.cucumber.core.runtime.CucumberExecutionContext.lambda$runTestCase$5(CucumberExecutionContext.java:136)
	at io.cucumber.core.runtime.RethrowingThrowableCollector.executeAndThrow(RethrowingThrowableCollector.java:23)
	at io.cucumber.core.runtime.CucumberExecutionContext.runTestCase(CucumberExecutionContext.java:136)
	at io.cucumber.junit.platform.engine.CucumberEngineExecutionContext.runTestCase(CucumberEngineExecutionContext.java:111)
	at io.cucumber.junit.platform.engine.NodeDescriptor$PickleDescriptor.execute(NodeDescriptor.java:168)
	at io.cucumber.junit.platform.engine.NodeDescriptor$PickleDescriptor.execute(NodeDescriptor.java:90)
	at java.base/java.util.ArrayList.forEach(ArrayList.java:1597)
	at java.base/java.util.ArrayList.forEach(ArrayList.java:1597)

