<?xml version="1.0" encoding="UTF-8"?>
<testsuite xmlns:xsi="http://www.w3.org/2001/XMLSchema-instance" xsi:noNamespaceSchemaLocation="https://maven.apache.org/surefire/maven-surefire-plugin/xsd/surefire-test-report.xsd" version="3.0.1" name="runner.TestRunner" time="11.838" tests="4" errors="3" skipped="0" failures="0">
  <properties>
[...]
</properties>
  <testcase name="Example #1.1" classname="Examples" time="7.14">
    <system-out><![CDATA[
@order1
Scenario: Successful Login                                                &amp#27;[90m# features/Login.feature:14&amp#27;[0m
14:41:38.795 [main] DEBUG io.github.bonigarcia.wdm.WebDriverManager -- Using WebDriverManager 5.9.3
14:41:39.012 [main] DEBUG io.github.bonigarcia.wdm.cache.ResolutionCache -- Resolution chrome=133 in cache (valid until 14:44:48 19/02/2025 WITA)
14:41:39.013 [main] DEBUG io.github.bonigarcia.wdm.cache.ResolutionCache -- Resolution chrome133=133.0.6943.98 in cache (valid until 16:21:21 19/02/2025 WITA)
14:41:39.013 [main] INFO io.github.bonigarcia.wdm.WebDriverManager -- Using chromedriver 133.0.6943.98 (resolved driver for Chrome 133)
14:41:39.032 [main] DEBUG io.github.bonigarcia.wdm.WebDriverManager -- Driver chromedriver 133.0.6943.98 found in cache
14:41:39.032 [main] INFO io.github.bonigarcia.wdm.WebDriverManager -- Exporting webdriver.chrome.driver as /Users/ilham/.cache/selenium/chromedriver/mac-arm64/133.0.6943.98/chromedriver
  &amp#27;[32mGiven &amp#27;[0m&amp#27;[32mI open the browser and website &amp#27;[0m&amp#27;[32m&amp#27;[1m"https://dev-testing.rekrut.site/"&amp#27;[0m &amp#27;[90m# stepDefinations.LoginSteps.setup(java.lang.String)&amp#27;[0m
  &amp#27;[32mWhen &amp#27;[0m&amp#27;[32mI click on the login link&amp#27;[0m                                          &amp#27;[90m# stepDefinations.LoginSteps.i_click_on_the_login_link()&amp#27;[0m
  &amp#27;[32mAnd &amp#27;[0m&amp#27;[32mI enter &amp#27;[0m&amp#27;[32m&amp#27;[1m"erica@maildrop.cc"&amp#27;[0m&amp#27;[32m and &amp#27;[0m&amp#27;[32m&amp#27;[1m"12345678"&amp#27;[0m                          &amp#27;[90m# stepDefinations.LoginSteps.i_enter_and(java.lang.String,java.lang.String)&amp#27;[0m
  &amp#27;[32mThen &amp#27;[0m&amp#27;[32mI should see the home page&amp#27;[0m                                         &amp#27;[90m# stepDefinations.LoginSteps.i_should_see_the_home_page()&amp#27;[0m
]]></system-out>
    <system-err><![CDATA[Feb 19, 2025 2:41:40 PM org.openqa.selenium.devtools.CdpVersionFinder findNearestMatch
WARNING: Unable to find an exact match for CDP version 133, returning the closest version; found: 132; Please update to a Selenium version that supports CDP version 133
]]></system-err>
  </testcase>
  <testcase name="Successful user registration with personal details" classname="Register functionality" time="3.421">
    <error message="column: 2, Width: 2" type="java.lang.IndexOutOfBoundsException"><![CDATA[java.lang.IndexOutOfBoundsException: column: 2, Width: 2
	at io.cucumber.datatable.DataTable.rangeCheckColumn(DataTable.java:411)
	at io.cucumber.datatable.DataTable.cell(DataTable.java:395)
	at stepDefinations.RegisterSteps.user_fills_section_with_valid_details(RegisterSteps.java:44)
	at ✽.the user fills out the "Informasi Pribadi" section with valid details, including:(classpath:features/Register.feature:10)
]]></error>
    <system-out><![CDATA[
@order2
Scenario: Successful user registration with personal details                            &amp#27;[90m# features/Register.feature:8&amp#27;[0m
14:41:45.881 [main] DEBUG io.github.bonigarcia.wdm.WebDriverManager -- Using WebDriverManager 5.9.3
14:41:45.886 [main] DEBUG io.github.bonigarcia.wdm.cache.ResolutionCache -- Resolution chrome=133 in cache (valid until 14:44:48 19/02/2025 WITA)
14:41:45.886 [main] DEBUG io.github.bonigarcia.wdm.cache.ResolutionCache -- Resolution chrome133=133.0.6943.98 in cache (valid until 16:21:21 19/02/2025 WITA)
14:41:45.886 [main] INFO io.github.bonigarcia.wdm.WebDriverManager -- Using chromedriver 133.0.6943.98 (resolved driver for Chrome 133)
14:41:45.892 [main] DEBUG io.github.bonigarcia.wdm.WebDriverManager -- Driver chromedriver 133.0.6943.98 found in cache
14:41:45.893 [main] INFO io.github.bonigarcia.wdm.WebDriverManager -- Exporting webdriver.chrome.driver as /Users/ilham/.cache/selenium/chromedriver/mac-arm64/133.0.6943.98/chromedriver
  &amp#27;[32mGiven &amp#27;[0m&amp#27;[32mI open the browser and navigate to &amp#27;[0m&amp#27;[32m&amp#27;[1m"https://dev-testing.rekrut.site/"&amp#27;[0m           &amp#27;[90m# stepDefinations.RegisterSteps.setup(java.lang.String)&amp#27;[0m
  &amp#27;[32mWhen &amp#27;[0m&amp#27;[32mthe user is on the registration page&amp#27;[0m                                             &amp#27;[90m# stepDefinations.RegisterSteps.user_on_registration_page()&amp#27;[0m
  &amp#27;[31mAnd &amp#27;[0m&amp#27;[31mthe user fills out the &amp#27;[0m&amp#27;[31m&amp#27;[1m"Informasi Pribadi"&amp#27;[0m&amp#27;[31m section with valid details, including:&amp#27;[0m &amp#27;[90m# stepDefinations.RegisterSteps.user_fills_section_with_valid_details(java.lang.String,io.cucumber.datatable.DataTable)&amp#27;[0m
    | Field            | Value              |
    | Nama Lengkap     | John Doe           |
    | NIK              | 1812012912970005   |
    | Jenis Kelamin    | Laki-laki          |
    | Email            | john.doe@email.com |
    | Nomor Telepon/WA | +62 81234567890    |
    | Tanggal Lahir    | 01/01/1990         |
    | Pilih Provinsi   | Bali               |
    | Pilih Kota       | Denpasar           |
    | Kata Sandi       | Password123        |
    | Konfirmasi Sandi | Password123        |
      &amp#27;[31mjava.lang.IndexOutOfBoundsException: column: 2, Width: 2
      	at io.cucumber.datatable.DataTable.rangeCheckColumn(DataTable.java:411)
      	at io.cucumber.datatable.DataTable.cell(DataTable.java:395)
      	at stepDefinations.RegisterSteps.user_fills_section_with_valid_details(RegisterSteps.java:44)
      	at ✽.the user fills out the "Informasi Pribadi" section with valid details, including:(classpath:features/Register.feature:10)&amp#27;[0m
  &amp#27;[36mAnd &amp#27;[0m&amp#27;[36mthe user clicks the &amp#27;[0m&amp#27;[36m&amp#27;[1m"Lanjut"&amp#27;[0m&amp#27;[36m button&amp#27;[0m                                               &amp#27;[90m# stepDefinations.RegisterSteps.user_clicks_button(java.lang.String)&amp#27;[0m
  &amp#27;[36mThen &amp#27;[0m&amp#27;[36mthe user should see the &amp#27;[0m&amp#27;[36m&amp#27;[1m"Pendidikan"&amp#27;[0m&amp#27;[36m section&amp#27;[0m                                     &amp#27;[90m# stepDefinations.RegisterSteps.user_should_see_section(java.lang.String)&amp#27;[0m
]]></system-out>
    <system-err><![CDATA[Feb 19, 2025 2:41:46 PM org.openqa.selenium.devtools.CdpVersionFinder findNearestMatch
WARNING: Unable to find an exact match for CDP version 133, returning the closest version; found: 132; Please update to a Selenium version that supports CDP version 133
]]></system-err>
  </testcase>
  <testcase name="Successful user registration with education details" classname="Register functionality" time="0.392">
    <error message="column: 2, Width: 2" type="java.lang.IndexOutOfBoundsException"><![CDATA[java.lang.IndexOutOfBoundsException: column: 2, Width: 2
	at io.cucumber.datatable.DataTable.rangeCheckColumn(DataTable.java:411)
	at io.cucumber.datatable.DataTable.cell(DataTable.java:395)
	at stepDefinations.RegisterSteps.user_fills_section_with_valid_details(RegisterSteps.java:58)
	at ✽.the user fills out the "Pendidikan" section with valid details, including:(classpath:features/Register.feature:26)
]]></error>
    <system-out><![CDATA[
@order2
Scenario: Successful user registration with education details                     &amp#27;[90m# features/Register.feature:25&amp#27;[0m
  &amp#27;[32mGiven &amp#27;[0m&amp#27;[32mI open the browser and navigate to &amp#27;[0m&amp#27;[32m&amp#27;[1m"https://dev-testing.rekrut.site/"&amp#27;[0m     &amp#27;[90m# stepDefinations.RegisterSteps.setup(java.lang.String)&amp#27;[0m
  &amp#27;[31mWhen &amp#27;[0m&amp#27;[31mthe user fills out the &amp#27;[0m&amp#27;[31m&amp#27;[1m"Pendidikan"&amp#27;[0m&amp#27;[31m section with valid details, including:&amp#27;[0m &amp#27;[90m# stepDefinations.RegisterSteps.user_fills_section_with_valid_details(java.lang.String,io.cucumber.datatable.DataTable)&amp#27;[0m
    | Field       | Value              |
    | Pendidikan  | S1                 |
    | Jurusan     | Teknik Informatika |
    | Universitas | Universitas X      |
    | Tahun Masuk | 2010               |
    | Tahun Lulus | 2014               |
      &amp#27;[31mjava.lang.IndexOutOfBoundsException: column: 2, Width: 2
      	at io.cucumber.datatable.DataTable.rangeCheckColumn(DataTable.java:411)
      	at io.cucumber.datatable.DataTable.cell(DataTable.java:395)
      	at stepDefinations.RegisterSteps.user_fills_section_with_valid_details(RegisterSteps.java:58)
      	at ✽.the user fills out the "Pendidikan" section with valid details, including:(classpath:features/Register.feature:26)&amp#27;[0m
  &amp#27;[36mAnd &amp#27;[0m&amp#27;[36mthe user clicks the &amp#27;[0m&amp#27;[36m&amp#27;[1m"Lanjut"&amp#27;[0m&amp#27;[36m button&amp#27;[0m                                         &amp#27;[90m# stepDefinations.RegisterSteps.user_clicks_button(java.lang.String)&amp#27;[0m
  &amp#27;[36mThen &amp#27;[0m&amp#27;[36mthe user should see the &amp#27;[0m&amp#27;[36m&amp#27;[1m"Pengalaman kerja"&amp#27;[0m&amp#27;[36m section&amp#27;[0m                         &amp#27;[90m# stepDefinations.RegisterSteps.user_should_see_section(java.lang.String)&amp#27;[0m
]]></system-out>
  </testcase>
  <testcase name="Successful user registration with work experience details" classname="Register functionality" time="0.319">
    <error message="The step &apos;the user is on the candidate registration page&apos; and 4 other step(s) are undefined.&#10;You can implement these steps using the snippet(s) below:&#10;&#10;@Given(&quot;the user is on the candidate registration page&quot;)&#10;public void the_user_is_on_the_candidate_registration_page() {&#10;    // Write code here that turns the phrase above into concrete actions&#10;    throw new io.cucumber.java.PendingException();&#10;}&#10;@When(&quot;the user does not check {string}&quot;)&#10;public void the_user_does_not_check(String string) {&#10;    // Write code here that turns the phrase above into concrete actions&#10;    throw new io.cucumber.java.PendingException();&#10;}&#10;@When(&quot;the user fills out {string} with {string}&quot;)&#10;public void the_user_fills_out_with(String string, String string2) {&#10;    // Write code here that turns the phrase above into concrete actions&#10;    throw new io.cucumber.java.PendingException();&#10;}&#10;@When(&quot;the user agrees to the {string}&quot;)&#10;public void the_user_agrees_to_the(String string) {&#10;    // Write code here that turns the phrase above into concrete actions&#10;    throw new io.cucumber.java.PendingException();&#10;}&#10;@When(&quot;the user submits the registration form&quot;)&#10;public void the_user_submits_the_registration_form() {&#10;    // Write code here that turns the phrase above into concrete actions&#10;    throw new io.cucumber.java.PendingException();&#10;}&#10;" type="io.cucumber.junit.platform.engine.UndefinedStepException"><![CDATA[io.cucumber.junit.platform.engine.UndefinedStepException: 
The step 'the user is on the candidate registration page' and 4 other step(s) are undefined.
You can implement these steps using the snippet(s) below:

@Given("the user is on the candidate registration page")
public void the_user_is_on_the_candidate_registration_page() {
    // Write code here that turns the phrase above into concrete actions
    throw new io.cucumber.java.PendingException();
}
@When("the user does not check {string}")
public void the_user_does_not_check(String string) {
    // Write code here that turns the phrase above into concrete actions
    throw new io.cucumber.java.PendingException();
}
@When("the user fills out {string} with {string}")
public void the_user_fills_out_with(String string, String string2) {
    // Write code here that turns the phrase above into concrete actions
    throw new io.cucumber.java.PendingException();
}
@When("the user agrees to the {string}")
public void the_user_agrees_to_the(String string) {
    // Write code here that turns the phrase above into concrete actions
    throw new io.cucumber.java.PendingException();
}
@When("the user submits the registration form")
public void the_user_submits_the_registration_form() {
    // Write code here that turns the phrase above into concrete actions
    throw new io.cucumber.java.PendingException();
}

	at io.cucumber.core.runtime.TestCaseResultObserver.assertTestCasePassed(TestCaseResultObserver.java:69)
	at io.cucumber.junit.platform.engine.TestCaseResultObserver.assertTestCasePassed(TestCaseResultObserver.java:22)
	at io.cucumber.junit.platform.engine.CucumberEngineExecutionContext.lambda$runTestCase$4(CucumberEngineExecutionContext.java:116)
	at io.cucumber.core.runtime.CucumberExecutionContext.lambda$runTestCase$5(CucumberExecutionContext.java:136)
	at io.cucumber.core.runtime.RethrowingThrowableCollector.executeAndThrow(RethrowingThrowableCollector.java:23)
	at io.cucumber.core.runtime.CucumberExecutionContext.runTestCase(CucumberExecutionContext.java:136)
	at io.cucumber.junit.platform.engine.CucumberEngineExecutionContext.runTestCase(CucumberEngineExecutionContext.java:111)
	at io.cucumber.junit.platform.engine.NodeDescriptor$PickleDescriptor.execute(NodeDescriptor.java:168)
	at io.cucumber.junit.platform.engine.NodeDescriptor$PickleDescriptor.execute(NodeDescriptor.java:90)
	at java.base/java.util.ArrayList.forEach(ArrayList.java:1597)
	at java.base/java.util.ArrayList.forEach(ArrayList.java:1597)
]]></error>
    <system-out><![CDATA[
@order2
Scenario: Successful user registration with work experience details                     &amp#27;[90m# features/Register.feature:36&amp#27;[0m
  &amp#27;[32mGiven &amp#27;[0m&amp#27;[32mI open the browser and navigate to &amp#27;[0m&amp#27;[32m&amp#27;[1m"https://dev-testing.rekrut.site/"&amp#27;[0m           &amp#27;[90m# stepDefinations.RegisterSteps.setup(java.lang.String)&amp#27;[0m
  &amp#27;[33mGiven &amp#27;[0m&amp#27;[33mthe user is on the candidate registration page&amp#27;[0m
  &amp#27;[36mWhen &amp#27;[0m&amp#27;[36mthe user fills out the &amp#27;[0m&amp#27;[36m&amp#27;[1m"Pengalaman Kerja"&amp#27;[0m&amp#27;[36m section with valid details, including:&amp#27;[0m &amp#27;[90m# stepDefinations.RegisterSteps.user_fills_section_with_valid_details(java.lang.String,io.cucumber.datatable.DataTable)&amp#27;[0m
    | Field           | Value             |
    | Nama Perusahaan | PT. Y             |
    | Nama Posisi     | Software Engineer |
    | Tanggal Mulai   | 01/01/2015        |
    | Tanggal Selesai | 01/01/2017        |
  &amp#27;[36mAnd &amp#27;[0m&amp#27;[36mthe user does not check "Saya Masih Bekerja Disini"&amp#27;[0m
  &amp#27;[36mAnd &amp#27;[0m&amp#27;[36mthe user fills out "Gaji yang Diharapkan" with "10,000,000 IDR"&amp#27;[0m
  &amp#27;[36mAnd &amp#27;[0m&amp#27;[36mthe user agrees to the "Syarat dan Ketentuan"&amp#27;[0m
  &amp#27;[36mAnd &amp#27;[0m&amp#27;[36mthe user submits the registration form&amp#27;[0m
  &amp#27;[36mThen &amp#27;[0m&amp#27;[36mthe user should be registered successfully&amp#27;[0m                                       &amp#27;[90m# stepDefinations.RegisterSteps.user_registered_successfully()&amp#27;[0m
  &amp#27;[36mAnd &amp#27;[0m&amp#27;[36mthe user should see a confirmation message&amp#27;[0m                                        &amp#27;[90m# stepDefinations.RegisterSteps.user_see_confirmation_message()&amp#27;[0m
]]></system-out>
  </testcase>
</testsuite>