<?xml version="1.0" encoding="UTF-8"?>
<testsuite xmlns:xsi="http://www.w3.org/2001/XMLSchema-instance" xsi:noNamespaceSchemaLocation="https://maven.apache.org/surefire/maven-surefire-plugin/xsd/surefire-test-report.xsd" version="3.0.1" name="runner.TestRunner" time="8.156" tests="1" errors="0" skipped="0" failures="0">
  <properties>
[...]
</properties>
  <testcase name="Successful Login" classname="Login Functionality" time="7.746">
    <system-out><![CDATA[
Scenario: Successful Login                                                &amp#27;[90m# features/Login.feature:6&amp#27;[0m
15:11:46.886 [main] DEBUG io.github.bonigarcia.wdm.WebDriverManager -- Using WebDriverManager 5.9.3
15:11:47.140 [main] DEBUG io.github.bonigarcia.wdm.cache.ResolutionCache -- Resolution chrome=133 in cache (valid until 15:56:27 17/02/2025 WITA)
15:11:47.141 [main] DEBUG io.github.bonigarcia.wdm.cache.ResolutionCache -- Resolution chrome133=133.0.6943.98 in cache (valid until 11:17:19 18/02/2025 WITA)
15:11:47.141 [main] INFO io.github.bonigarcia.wdm.WebDriverManager -- Using chromedriver 133.0.6943.98 (resolved driver for Chrome 133)
15:11:47.161 [main] DEBUG io.github.bonigarcia.wdm.WebDriverManager -- Driver chromedriver 133.0.6943.98 found in cache
15:11:47.161 [main] INFO io.github.bonigarcia.wdm.WebDriverManager -- Exporting webdriver.chrome.driver as /Users/ilham/.cache/selenium/chromedriver/mac-arm64/133.0.6943.98/chromedriver
  &amp#27;[32mGiven &amp#27;[0m&amp#27;[32mI open the browser and website &amp#27;[0m&amp#27;[32m&amp#27;[1m"https://dev-testing.rekrut.site/"&amp#27;[0m &amp#27;[90m# stepDefinations.LoginSteps.setup(java.lang.String)&amp#27;[0m
  &amp#27;[32mWhen &amp#27;[0m&amp#27;[32mI click on the login link&amp#27;[0m                                          &amp#27;[90m# stepDefinations.LoginSteps.i_click_on_the_login_link()&amp#27;[0m
  &amp#27;[32mAnd &amp#27;[0m&amp#27;[32mI enter &amp#27;[0m&amp#27;[32m&amp#27;[1m"erica@maildrop.cc"&amp#27;[0m&amp#27;[32m and &amp#27;[0m&amp#27;[32m&amp#27;[1m"12345678"&amp#27;[0m                          &amp#27;[90m# stepDefinations.LoginSteps.i_enter_and(java.lang.String,java.lang.String)&amp#27;[0m
  &amp#27;[32mThen &amp#27;[0m&amp#27;[32mI should see the home page&amp#27;[0m                                         &amp#27;[90m# stepDefinations.LoginSteps.i_should_see_the_home_page()&amp#27;[0m
]]></system-out>
    <system-err><![CDATA[Feb 17, 2025 3:11:49 PM org.openqa.selenium.devtools.CdpVersionFinder findNearestMatch
WARNING: Unable to find an exact match for CDP version 133, returning the closest version; found: 132; Please update to a Selenium version that supports CDP version 133
]]></system-err>
  </testcase>
</testsuite>